test
WriteStream {
  connecting: false,
  _hadError: false,
  _handle: TTY { owner: [Circular], onread: [Function: onread] },
  _parent: null,
  _host: null,
  _readableState: 
   ReadableState {
     objectMode: false,
     highWaterMark: 16384,
     buffer: BufferList { head: null, tail: null, length: 0 },
     length: 0,
     pipes: null,
     pipesCount: 0,
     flowing: null,
     ended: false,
     endEmitted: false,
     reading: false,
     sync: true,
     needReadable: false,
     emittedReadable: false,
     readableListening: false,
     resumeScheduled: false,
     destroyed: false,
     defaultEncoding: 'utf8',
     awaitDrain: 0,
     readingMore: false,
     decoder: null,
     encoding: null },
  readable: false,
  _events: 
   { finish: [Function: onSocketFinish],
     end: [Function: onReadableStreamEnd] },
  _eventsCount: 2,
  _maxListeners: undefined,
  _writableState: 
   WritableState {
     objectMode: false,
     highWaterMark: 16384,
     finalCalled: false,
     needDrain: false,
     ending: false,
     ended: false,
     finished: false,
     destroyed: false,
     decodeStrings: false,
     defaultEncoding: 'utf8',
     length: 0,
     writing: false,
     corked: 0,
     sync: false,
     bufferProcessing: false,
     onwrite: [Function: bound onwrite],
     writecb: null,
     writelen: 0,
     bufferedRequest: null,
     lastBufferedRequest: null,
     pendingcb: 1,
     prefinished: false,
     errorEmitted: false,
     bufferedRequestCount: 0,
     corkedRequestsFree: 
      { next: null,
        entry: null,
        finish: [Function: bound onCorkedFinish] } },
  writable: true,
  _bytesDispatched: 5,
  _sockname: null,
  _writev: null,
  _pendingData: null,
  _pendingEncoding: '',
  allowHalfOpen: false,
  server: null,
  _server: null,
  columns: 266,
  rows: 26,
  _type: 'tty',
  fd: 1,
  _isStdio: true,
  destroySoon: [Function: destroy],
  _destroy: [Function],
  [Symbol(asyncId)]: 3,
  [Symbol(lastWriteQueueSize)]: 0,
  [Symbol(bytesRead)]: 0 }
